<?xml version="1.0" encoding="UTF-8"?>
<!-- Generated by org.testng.reporters.JUnitReportReporter -->
<testsuite hostname="MAUCBC146930L" name="com.test.tc_01" tests="1" failures="0" timestamp="27 May 2020 10:23:23 GMT" time="28.124" errors="0">
  <testcase name="comparePrice" time="28.124" classname="com.test.tc_01"/>
</testsuite> <!-- com.test.tc_01 -->
